# JRE version: OpenJDK Runtime Environment 21.9 (17.0.2+8) (build 17.0.2+8-LTS)
# Java VM: OpenJDK 64-Bit Server VM 21.9 (17.0.2+8-LTS, mixed mode, sharing, tiered, compressed oops, compressed class ptrs, g1 gc, windows-amd64)
GC Precious Log:
 CPUs: 8 total, 8 available
 Memory: 16057M
 Large Page Support: Disabled
 NUMA Support: Disabled
 Compressed Oops: Enabled (Zero based)
 Heap Region Size: 2M
 Heap Min Capacity: 8M
 Heap Initial Capacity: 252M
 Heap Max Capacity: 4016M
 Pre-touch: Disabled
 Parallel Workers: 8
 Concurrent Workers: 2
 Concurrent Refinement Workers: 8
 Periodic GC: Disabled
Heap:
 garbage-first heap   total 145408K, used 54417K [0x0000000705000000, 0x0000000800000000)
  region size 2048K, 8 young (16384K), 2 survivors (4096K)
 Metaspace       used 68869K, committed 69376K, reserved 1114112K
  class space    used 8968K, committed 9216K, reserved 1048576K
GC Heap History (20 events):
Event: 13.292 GC heap before
{Heap before GC invocations=20 (full 0):
 garbage-first heap   total 81920K, used 65974K [0x0000000705000000, 0x0000000800000000)
  region size 2048K, 20 young (40960K), 3 survivors (6144K)
 Metaspace       used 59551K, committed 59968K, reserved 1105920K
  class space    used 7665K, committed 7872K, reserved 1048576K
}
Event: 13.297 GC heap after
{Heap after GC invocations=21 (full 0):
 garbage-first heap   total 98304K, used 33847K [0x0000000705000000, 0x0000000800000000)
  region size 2048K, 3 young (6144K), 3 survivors (6144K)
 Metaspace       used 59551K, committed 59968K, reserved 1105920K
  class space    used 7665K, committed 7872K, reserved 1048576K
}
Event: 13.406 GC heap before
{Heap before GC invocations=21 (full 0):
 garbage-first heap   total 98304K, used 44087K [0x0000000705000000, 0x0000000800000000)
  region size 2048K, 9 young (18432K), 3 survivors (6144K)
 Metaspace       used 59901K, committed 60288K, reserved 1105920K
  class space    used 7714K, committed 7936K, reserved 1048576K
}
Event: 13.410 GC heap after
{Heap after GC invocations=22 (full 0):
 garbage-first heap   total 98304K, used 34726K [0x0000000705000000, 0x0000000800000000)
  region size 2048K, 2 young (4096K), 2 survivors (4096K)
 Metaspace       used 59901K, committed 60288K, reserved 1105920K
  class space    used 7714K, committed 7936K, reserved 1048576K
}
Event: 13.773 GC heap before
{Heap before GC invocations=23 (full 0):
 garbage-first heap   total 98304K, used 75686K [0x0000000705000000, 0x0000000800000000)
  region size 2048K, 22 young (45056K), 2 survivors (4096K)
 Metaspace       used 61626K, committed 62016K, reserved 1105920K
  class space    used 8002K, committed 8192K, reserved 1048576K
}
Event: 13.776 GC heap after
{Heap after GC invocations=24 (full 0):
 garbage-first heap   total 98304K, used 37898K [0x0000000705000000, 0x0000000800000000)
  region size 2048K, 2 young (4096K), 2 survivors (4096K)
 Metaspace       used 61626K, committed 62016K, reserved 1105920K
  class space    used 8002K, committed 8192K, reserved 1048576K
}
Event: 13.803 GC heap before
{Heap before GC invocations=24 (full 0):
 garbage-first heap   total 98304K, used 39946K [0x0000000705000000, 0x0000000800000000)
  region size 2048K, 3 young (6144K), 2 survivors (4096K)
 Metaspace       used 61670K, committed 62144K, reserved 1105920K
  class space    used 8007K, committed 8256K, reserved 1048576K
}
Event: 13.807 GC heap after
{Heap after GC invocations=25 (full 0):
 garbage-first heap   total 98304K, used 38057K [0x0000000705000000, 0x0000000800000000)
  region size 2048K, 1 young (2048K), 1 survivors (2048K)
 Metaspace       used 61670K, committed 62144K, reserved 1105920K
  class space    used 8007K, committed 8256K, reserved 1048576K
}
Event: 14.140 GC heap before
{Heap before GC invocations=25 (full 0):
 garbage-first heap   total 98304K, used 76969K [0x0000000705000000, 0x0000000800000000)
  region size 2048K, 20 young (40960K), 1 survivors (2048K)
 Metaspace       used 63552K, committed 64064K, reserved 1105920K
  class space    used 8304K, committed 8576K, reserved 1048576K
}
Event: 14.143 GC heap after
{Heap after GC invocations=26 (full 0):
 garbage-first heap   total 98304K, used 40321K [0x0000000705000000, 0x0000000800000000)
  region size 2048K, 2 young (4096K), 2 survivors (4096K)
 Metaspace       used 63552K, committed 64064K, reserved 1105920K
  class space    used 8304K, committed 8576K, reserved 1048576K
}
Event: 14.414 GC heap before
{Heap before GC invocations=26 (full 0):
 garbage-first heap   total 98304K, used 77185K [0x0000000705000000, 0x0000000800000000)
  region size 2048K, 20 young (40960K), 2 survivors (4096K)
 Metaspace       used 65196K, committed 65728K, reserved 1105920K
  class space    used 8588K, committed 8832K, reserved 1048576K
}
Event: 14.417 GC heap after
{Heap after GC invocations=27 (full 0):
 garbage-first heap   total 98304K, used 41342K [0x0000000705000000, 0x0000000800000000)
  region size 2048K, 2 young (4096K), 2 survivors (4096K)
 Metaspace       used 65196K, committed 65728K, reserved 1105920K
  class space    used 8588K, committed 8832K, reserved 1048576K
}
Event: 14.592 GC heap before
{Heap before GC invocations=27 (full 0):
 garbage-first heap   total 98304K, used 78206K [0x0000000705000000, 0x0000000800000000)
  region size 2048K, 20 young (40960K), 2 survivors (4096K)
 Metaspace       used 65499K, committed 65984K, reserved 1105920K
  class space    used 8613K, committed 8832K, reserved 1048576K
}
Event: 14.594 GC heap after
{Heap after GC invocations=28 (full 0):
 garbage-first heap   total 98304K, used 41915K [0x0000000705000000, 0x0000000800000000)
  region size 2048K, 1 young (2048K), 1 survivors (2048K)
 Metaspace       used 65499K, committed 65984K, reserved 1105920K
  class space    used 8613K, committed 8832K, reserved 1048576K
}
Event: 14.721 GC heap before
{Heap before GC invocations=28 (full 0):
 garbage-first heap   total 98304K, used 80827K [0x0000000705000000, 0x0000000800000000)
  region size 2048K, 20 young (40960K), 1 survivors (2048K)
 Metaspace       used 65655K, committed 66112K, reserved 1114112K
  class space    used 8614K, committed 8832K, reserved 1048576K
}
Event: 14.723 GC heap after
{Heap after GC invocations=29 (full 0):
 garbage-first heap   total 98304K, used 42291K [0x0000000705000000, 0x0000000800000000)
  region size 2048K, 2 young (4096K), 2 survivors (4096K)
 Metaspace       used 65655K, committed 66112K, reserved 1114112K
  class space    used 8614K, committed 8832K, reserved 1048576K
}
Event: 14.842 GC heap before
{Heap before GC invocations=29 (full 0):
 garbage-first heap   total 98304K, used 79155K [0x0000000705000000, 0x0000000800000000)
  region size 2048K, 20 young (40960K), 2 survivors (4096K)
 Metaspace       used 65744K, committed 66176K, reserved 1114112K
  class space    used 8614K, committed 8832K, reserved 1048576K
}
Event: 14.844 GC heap after
{Heap after GC invocations=30 (full 0):
 garbage-first heap   total 145408K, used 42743K [0x0000000705000000, 0x0000000800000000)
  region size 2048K, 2 young (4096K), 2 survivors (4096K)
 Metaspace       used 65744K, committed 66176K, reserved 1114112K
  class space    used 8614K, committed 8832K, reserved 1048576K
}
Event: 22.932 GC heap before
{Heap before GC invocations=30 (full 0):
 garbage-first heap   total 145408K, used 118519K [0x0000000705000000, 0x0000000800000000)
  region size 2048K, 39 young (79872K), 2 survivors (4096K)
 Metaspace       used 68022K, committed 68480K, reserved 1114112K
  class space    used 8863K, committed 9088K, reserved 1048576K
}
Event: 22.935 GC heap after
{Heap after GC invocations=31 (full 0):
 garbage-first heap   total 145408K, used 44177K [0x0000000705000000, 0x0000000800000000)
  region size 2048K, 2 young (4096K), 2 survivors (4096K)
 Metaspace       used 68022K, committed 68480K, reserved 1114112K
  class space    used 8863K, committed 9088K, reserved 1048576K
}

