# JRE version: OpenJDK Runtime Environment Temurin-17.0.4.1+1 (17.0.4.1+1) (build 17.0.4.1+1)
# Java VM: OpenJDK 64-Bit Server VM Temurin-17.0.4.1+1 (17.0.4.1+1, mixed mode, tiered, compressed oops, compressed class ptrs, g1 gc, windows-amd64)
GC Precious Log:
 CPUs: 8 total, 8 available
 Memory: 16057M
 Large Page Support: Disabled
 NUMA Support: Disabled
 Compressed Oops: Enabled (Zero based)
 Heap Region Size: 2M
 Heap Min Capacity: 8M
 Heap Initial Capacity: 252M
 Heap Max Capacity: 4016M
 Pre-touch: Disabled
 Parallel Workers: 8
 Concurrent Workers: 2
 Concurrent Refinement Workers: 8
 Periodic GC: Disabled
Heap:
 garbage-first heap   total 159744K, used 105550K [0x0000000705000000, 0x0000000800000000)
  region size 2048K, 32 young (65536K), 3 survivors (6144K)
 Metaspace       used 83496K, committed 84032K, reserved 1122304K
  class space    used 10352K, committed 10624K, reserved 1048576K
GC Heap History (20 events):
Event: 7.015 GC heap before
{Heap before GC invocations=18 (full 0):
 garbage-first heap   total 102400K, used 81287K [0x0000000705000000, 0x0000000800000000)
  region size 2048K, 30 young (61440K), 3 survivors (6144K)
 Metaspace       used 64027K, committed 64384K, reserved 1105920K
  class space    used 7895K, committed 8064K, reserved 1048576K
}
Event: 7.019 GC heap after
{Heap after GC invocations=19 (full 0):
 garbage-first heap   total 102400K, used 27858K [0x0000000705000000, 0x0000000800000000)
  region size 2048K, 3 young (6144K), 3 survivors (6144K)
 Metaspace       used 64027K, committed 64384K, reserved 1105920K
  class space    used 7895K, committed 8064K, reserved 1048576K
}
Event: 7.034 GC heap before
{Heap before GC invocations=19 (full 0):
 garbage-first heap   total 102400K, used 27858K [0x0000000705000000, 0x0000000800000000)
  region size 2048K, 4 young (8192K), 3 survivors (6144K)
 Metaspace       used 64079K, committed 64448K, reserved 1105920K
  class space    used 7902K, committed 8064K, reserved 1048576K
}
Event: 7.038 GC heap after
{Heap after GC invocations=20 (full 0):
 garbage-first heap   total 102400K, used 28344K [0x0000000705000000, 0x0000000800000000)
  region size 2048K, 1 young (2048K), 1 survivors (2048K)
 Metaspace       used 64079K, committed 64448K, reserved 1105920K
  class space    used 7902K, committed 8064K, reserved 1048576K
}
Event: 7.350 GC heap before
{Heap before GC invocations=20 (full 0):
 garbage-first heap   total 102400K, used 81592K [0x0000000705000000, 0x0000000800000000)
  region size 2048K, 27 young (55296K), 1 survivors (2048K)
 Metaspace       used 66465K, committed 66816K, reserved 1114112K
  class space    used 8165K, committed 8320K, reserved 1048576K
}
Event: 7.353 GC heap after
{Heap after GC invocations=21 (full 0):
 garbage-first heap   total 102400K, used 30103K [0x0000000705000000, 0x0000000800000000)
  region size 2048K, 2 young (4096K), 2 survivors (4096K)
 Metaspace       used 66465K, committed 66816K, reserved 1114112K
  class space    used 8165K, committed 8320K, reserved 1048576K
}
Event: 16.607 GC heap before
{Heap before GC invocations=21 (full 0):
 garbage-first heap   total 102400K, used 79255K [0x0000000705000000, 0x0000000800000000)
  region size 2048K, 27 young (55296K), 2 survivors (4096K)
 Metaspace       used 70944K, committed 71360K, reserved 1114112K
  class space    used 8704K, committed 8896K, reserved 1048576K
}
Event: 16.611 GC heap after
{Heap after GC invocations=22 (full 0):
 garbage-first heap   total 102400K, used 32641K [0x0000000705000000, 0x0000000800000000)
  region size 2048K, 3 young (6144K), 3 survivors (6144K)
 Metaspace       used 70944K, committed 71360K, reserved 1114112K
  class space    used 8704K, committed 8896K, reserved 1048576K
}
Event: 17.075 GC heap before
{Heap before GC invocations=22 (full 0):
 garbage-first heap   total 102400K, used 81793K [0x0000000705000000, 0x0000000800000000)
  region size 2048K, 27 young (55296K), 3 survivors (6144K)
 Metaspace       used 72773K, committed 73216K, reserved 1114112K
  class space    used 8937K, committed 9152K, reserved 1048576K
}
Event: 17.080 GC heap after
{Heap after GC invocations=23 (full 0):
 garbage-first heap   total 102400K, used 36573K [0x0000000705000000, 0x0000000800000000)
  region size 2048K, 4 young (8192K), 4 survivors (8192K)
 Metaspace       used 72773K, committed 73216K, reserved 1114112K
  class space    used 8937K, committed 9152K, reserved 1048576K
}
Event: 17.442 GC heap before
{Heap before GC invocations=23 (full 0):
 garbage-first heap   total 102400K, used 81629K [0x0000000705000000, 0x0000000800000000)
  region size 2048K, 26 young (53248K), 4 survivors (8192K)
 Metaspace       used 74874K, committed 75264K, reserved 1122304K
  class space    used 9239K, committed 9408K, reserved 1048576K
}
Event: 17.447 GC heap after
{Heap after GC invocations=24 (full 0):
 garbage-first heap   total 102400K, used 39766K [0x0000000705000000, 0x0000000800000000)
  region size 2048K, 4 young (8192K), 4 survivors (8192K)
 Metaspace       used 74874K, committed 75264K, reserved 1122304K
  class space    used 9239K, committed 9408K, reserved 1048576K
}
Event: 17.805 GC heap before
{Heap before GC invocations=24 (full 0):
 garbage-first heap   total 102400K, used 82774K [0x0000000705000000, 0x0000000800000000)
  region size 2048K, 25 young (51200K), 4 survivors (8192K)
 Metaspace       used 76248K, committed 76672K, reserved 1122304K
  class space    used 9437K, committed 9600K, reserved 1048576K
}
Event: 17.809 GC heap after
{Heap after GC invocations=25 (full 0):
 garbage-first heap   total 102400K, used 44508K [0x0000000705000000, 0x0000000800000000)
  region size 2048K, 4 young (8192K), 4 survivors (8192K)
 Metaspace       used 76248K, committed 76672K, reserved 1122304K
  class space    used 9437K, committed 9600K, reserved 1048576K
}
Event: 18.078 GC heap before
{Heap before GC invocations=25 (full 0):
 garbage-first heap   total 102400K, used 83420K [0x0000000705000000, 0x0000000800000000)
  region size 2048K, 23 young (47104K), 4 survivors (8192K)
 Metaspace       used 78255K, committed 78720K, reserved 1122304K
  class space    used 9781K, committed 9984K, reserved 1048576K
}
Event: 18.082 GC heap after
{Heap after GC invocations=26 (full 0):
 garbage-first heap   total 102400K, used 45908K [0x0000000705000000, 0x0000000800000000)
  region size 2048K, 1 young (2048K), 1 survivors (2048K)
 Metaspace       used 78255K, committed 78720K, reserved 1122304K
  class space    used 9781K, committed 9984K, reserved 1048576K
}
Event: 18.253 GC heap before
{Heap before GC invocations=26 (full 0):
 garbage-first heap   total 102400K, used 82772K [0x0000000705000000, 0x0000000800000000)
  region size 2048K, 19 young (38912K), 1 survivors (2048K)
 Metaspace       used 79096K, committed 79488K, reserved 1122304K
  class space    used 9916K, committed 10112K, reserved 1048576K
}
Event: 18.255 GC heap after
{Heap after GC invocations=27 (full 0):
 garbage-first heap   total 159744K, used 46318K [0x0000000705000000, 0x0000000800000000)
  region size 2048K, 2 young (4096K), 2 survivors (4096K)
 Metaspace       used 79096K, committed 79488K, reserved 1122304K
  class space    used 9916K, committed 10112K, reserved 1048576K
}
Event: 18.557 GC heap before
{Heap before GC invocations=27 (full 0):
 garbage-first heap   total 159744K, used 126190K [0x0000000705000000, 0x0000000800000000)
  region size 2048K, 41 young (83968K), 2 survivors (4096K)
 Metaspace       used 79595K, committed 80000K, reserved 1122304K
  class space    used 9935K, committed 10112K, reserved 1048576K
}
Event: 18.559 GC heap after
{Heap after GC invocations=28 (full 0):
 garbage-first heap   total 159744K, used 48206K [0x0000000705000000, 0x0000000800000000)
  region size 2048K, 3 young (6144K), 3 survivors (6144K)
 Metaspace       used 79595K, committed 80000K, reserved 1122304K
  class space    used 9935K, committed 10112K, reserved 1048576K
}

